  Character.cpp
  HW4.cpp
D:\repos\IGME 209\HW4\HW4\HW4.cpp(98,24): warning C4305: 'argument': truncation from 'double' to 'Item'
          with
          [
              Item=float
          ]
D:\repos\IGME 209\HW4\HW4\HW4.cpp(99,25): warning C4305: 'argument': truncation from 'double' to 'Item'
          with
          [
              Item=float
          ]
D:\repos\IGME 209\HW4\HW4\HW4.cpp(100,26): warning C4305: 'argument': truncation from 'double' to 'Item'
          with
          [
              Item=float
          ]
D:\repos\IGME 209\HW4\HW4\HW4.cpp(101,24): warning C4305: 'argument': truncation from 'double' to 'Item'
          with
          [
              Item=float
          ]
  Generating Code...
  HW4.vcxproj -> D:\repos\IGME 209\HW4\Debug\HW4.exe
